--- Exception in ai_resolve_location ---
Traceback (most recent call last):
  File "C:\Users\USER\Desktop\CapsoneProject\basma-app\Backend\basma_api\app\controllers\ai_reports_controller.py", line 176, in ai_resolve_location
    raise HTTPException(
fastapi.exceptions.HTTPException: 400: غير قادر على تحديد المحافظة أو اللواء من الإحداثيات.

--- Exception in ai_resolve_location ---
Traceback (most recent call last):
  File "C:\Users\USER\Desktop\CapsoneProject\basma-app\Backend\basma_api\app\controllers\ai_reports_controller.py", line 176, in ai_resolve_location
    raise HTTPException(
fastapi.exceptions.HTTPException: 400: غير قادر على تحديد المحافظة أو اللواء من الإحداثيات.

--- Exception in ai_resolve_location ---
Traceback (most recent call last):
  File "C:\Users\USER\Desktop\CapsoneProject\basma-app\Backend\basma_api\app\controllers\ai_reports_controller.py", line 176, in ai_resolve_location
    raise HTTPException(
fastapi.exceptions.HTTPException: 400: غير قادر على تحديد المحافظة أو اللواء من الإحداثيات.

--- Exception in ai_resolve_location ---
Traceback (most recent call last):
  File "C:\Users\USER\Desktop\CapsoneProject\basma-app\Backend\basma_api\app\controllers\ai_reports_controller.py", line 176, in ai_resolve_location
    raise HTTPException(
fastapi.exceptions.HTTPException: 400: غير قادر على تحديد المحافظة أو اللواء من الإحداثيات.

--- Exception in ai_resolve_location ---
Traceback (most recent call last):
  File "C:\Users\USER\Desktop\CapsoneProject\basma-app\Backend\basma_api\app\controllers\ai_reports_controller.py", line 176, in ai_resolve_location
    raise HTTPException(
fastapi.exceptions.HTTPException: 400: غير قادر على تحديد المحافظة أو اللواء من الإحداثيات.

